<?xml version="1.0" encoding="UTF-8"?>
<!-- Generated by org.testng.reporters.JUnitReportReporter -->
<testsuite skipped="0" hostname="LAPTOP-9B8KDUSP" name="com.qedge.testCases.TC_TotalNumOfCourses_004" tests="1" failures="0" timestamp="09 Dec 2020 15:19:34 GMT" time="5.321" errors="0">
  <testcase name="getTotalCourses" time="5.321" classname="com.qedge.testCases.TC_TotalNumOfCourses_004"/>
</testsuite> <!-- com.qedge.testCases.TC_TotalNumOfCourses_004 -->
