<?xml version="1.0" encoding="UTF-8"?>
<!-- Generated by org.testng.reporters.JUnitReportReporter -->
<testsuite skipped="0" hostname="LAPTOP-9B8KDUSP" name="com.qedge.testCases.TC_RegisterForDemo_002" tests="1" failures="0" timestamp="09 Dec 2020 15:19:34 GMT" time="10.749" errors="0">
  <testcase name="registration" time="10.749" classname="com.qedge.testCases.TC_RegisterForDemo_002"/>
</testsuite> <!-- com.qedge.testCases.TC_RegisterForDemo_002 -->
